<?xml version="1.0" encoding="UTF-8"?>
<!-- Generated by org.testng.reporters.JUnitReportReporter -->
<testsuite hostname="Devil-World-1999JAN" failures="0" tests="3" name="facebookautomation.Priority_Test" time="0.010" errors="0" timestamp="2022-12-21T00:02:05 IST" skipped="0">
  <testcase classname="facebookautomation.Priority_Test" name="DeleteUser" time="0.008"/>
  <system-out/>
  <testcase classname="facebookautomation.Priority_Test" name="createUser" time="0.001"/>
  <system-out/>
  <testcase classname="facebookautomation.Priority_Test" name="LoginUser" time="0.001"/>
  <system-out/>
</testsuite> <!-- facebookautomation.Priority_Test -->
