<?xml version="1.0" encoding="UTF-8"?>
<!-- Generated by org.testng.reporters.JUnitReportReporter -->
<testsuite hostname="Devil-World-1999JAN" failures="0" tests="1" name="facebookautomation.screenshot" time="21.208" errors="0" timestamp="2022-12-02T19:23:57 IST" skipped="0">
  <testcase classname="facebookautomation.screenshot" name="Take_Screenshot" time="21.208"/>
  <system-out/>
</testsuite> <!-- facebookautomation.screenshot -->
