<?xml version="1.0" encoding="UTF-8"?>
<!-- Generated by org.testng.reporters.JUnitReportReporter -->
<testsuite hostname="Devil-World-1999JAN" failures="0" tests="2" name="facebookautomation.iframe" time="59.139" errors="0" timestamp="2022-12-09T22:05:11 IST" skipped="0">
  <testcase classname="facebookautomation.iframe" name="frame_Webelement" time="30.009"/>
  <system-out/>
  <testcase classname="facebookautomation.iframe" name="frame_test" time="29.130"/>
  <system-out/>
</testsuite> <!-- facebookautomation.iframe -->
