<?xml version="1.0" encoding="UTF-8"?>
<!-- Generated by org.testng.reporters.JUnitReportReporter -->
<testsuite hostname="Devil-World-1999JAN" failures="0" tests="6" name="facebookautomation.actionClass" time="78.480" errors="0" timestamp="2022-12-10T13:23:23 IST" skipped="0">
  <testcase classname="facebookautomation.actionClass" name="doubleClickMethod" time="12.672"/>
  <system-out/>
  <testcase classname="facebookautomation.actionClass" name="movetoElement_mouseFunction" time="10.419"/>
  <system-out/>
  <testcase classname="facebookautomation.actionClass" name="contextClick_withKeyBoardFunctions" time="16.386"/>
  <system-out/>
  <testcase classname="facebookautomation.actionClass" name="dragandDrop_mouseFunction" time="9.561"/>
  <system-out/>
  <testcase classname="facebookautomation.actionClass" name="moveToElement_mouseHover" time="18.113"/>
  <system-out/>
  <testcase classname="facebookautomation.actionClass" name="dragandDrop_offSet" time="11.329"/>
  <system-out/>
</testsuite> <!-- facebookautomation.actionClass -->
