<?xml version="1.0" encoding="UTF-8"?>
<!-- Generated by org.testng.reporters.JUnitReportReporter -->
<testsuite hostname="Devil-World-1999JAN" failures="0" tests="1" name="facebookautomation.navigation" time="33.541" errors="0" timestamp="2022-12-04T01:41:23 IST" skipped="0">
  <testcase classname="facebookautomation.navigation" name="navigateBrowser" time="33.541"/>
  <system-out/>
</testsuite> <!-- facebookautomation.navigation -->
