<?xml version="1.0" encoding="UTF-8"?>
<!-- Generated by org.testng.reporters.JUnitReportReporter -->
<testsuite hostname="Devil-World-1999JAN" failures="0" tests="1" name="facebookautomation.Annotations_of_Testng_class$BaseTestNg" time="0.007" errors="0" timestamp="2022-12-18T15:02:00 IST" skipped="0">
  <testcase classname="facebookautomation.Annotations_of_Testng_class$BaseTestNg" name="test" time="0.007"/>
  <system-out>
    <![CDATA[Test]]>
  </system-out>
</testsuite> <!-- facebookautomation.Annotations_of_Testng_class$BaseTestNg -->
