<?xml version="1.0" encoding="UTF-8"?>
<!-- Generated by org.testng.reporters.JUnitReportReporter -->
<testsuite hostname="Devil-World-1999JAN" failures="0" tests="1" name="facebookautomation.cssSelector" time="17.029" errors="0" timestamp="2022-12-02T19:18:10 IST" skipped="0">
  <testcase classname="facebookautomation.cssSelector" name="fbLoginbyCSS" time="17.029"/>
  <system-out/>
</testsuite> <!-- facebookautomation.cssSelector -->
