<?xml version="1.0" encoding="UTF-8"?>
<!-- Generated by org.testng.reporters.JUnitReportReporter -->
<testsuite hostname="Devil-World-1999JAN" failures="0" tests="1" name="facebookautomation.fileUploadPopup" time="16.261" errors="0" timestamp="2022-12-10T13:33:47 IST" skipped="0">
  <testcase classname="facebookautomation.fileUploadPopup" name="fileUploadUsingAutoit_2" time="16.261"/>
  <system-out/>
</testsuite> <!-- facebookautomation.fileUploadPopup -->
