<?xml version="1.0" encoding="UTF-8"?>
<!-- Generated by org.testng.reporters.JUnitReportReporter -->
<testsuite hostname="Devil-World-1999JAN" failures="0" tests="1" name="facebookautomation.webTable" time="20.224" errors="0" timestamp="2022-12-11T21:03:49 IST" skipped="0">
  <testcase classname="facebookautomation.webTable" name="marksMatch" time="20.224"/>
  <system-out/>
</testsuite> <!-- facebookautomation.webTable -->
