<?xml version="1.0" encoding="UTF-8"?>
<!-- Generated by org.testng.reporters.JUnitReportReporter -->
<testsuite hostname="Devil-World-1999JAN" failures="0" tests="1" name="facebookautomation.fbSignup" time="16.376" errors="0" timestamp="2022-12-06T19:28:56 IST" skipped="0">
  <testcase classname="facebookautomation.fbSignup" name="createFbAccount" time="16.376"/>
  <system-out/>
</testsuite> <!-- facebookautomation.fbSignup -->
