<?xml version="1.0" encoding="UTF-8"?>
<!-- Generated by org.testng.reporters.JUnitReportReporter -->
<testsuite hostname="Devil-World-1999JAN" failures="0" tests="1" name="facebookautomation.selectClass" time="64.281" errors="0" timestamp="2022-12-10T13:26:47 IST" skipped="0">
  <testcase classname="facebookautomation.selectClass" name="selectMethods" time="64.281"/>
  <system-out/>
</testsuite> <!-- facebookautomation.selectClass -->
