<?xml version="1.0" encoding="UTF-8"?>
<!-- Generated by org.testng.reporters.JUnitReportReporter -->
<testsuite hostname="Devil-World-1999JAN" failures="0" tests="1" name="facebookautomation.handelingPopUp" time="20.032" errors="0" timestamp="2022-12-10T13:31:04 IST" skipped="0">
  <testcase classname="facebookautomation.handelingPopUp" name="alertPopup_timer" time="20.032"/>
  <system-out/>
</testsuite> <!-- facebookautomation.handelingPopUp -->
