<?xml version="1.0" encoding="UTF-8"?>
<!-- Generated by org.testng.reporters.JUnitReportReporter -->
<testsuite hostname="Devil-World-1999JAN" failures="0" tests="1" name="facebookautomation.hiddenPopup" time="22.252" errors="0" timestamp="2022-12-10T13:34:36 IST" skipped="0">
  <testcase classname="facebookautomation.hiddenPopup" name="irctcHiddenPopup" time="22.252"/>
  <system-out/>
</testsuite> <!-- facebookautomation.hiddenPopup -->
